%QWT_BUILD64_DIR%\Makefile
%QWT_BUILD64_DIR%\designer\Makefile
%QWT_BUILD64_DIR%\designer\moc_qwt_abstract_legend.obj
%QWT_BUILD64_DIR%\designer\moc_qwt_abstract_scale.obj
%QWT_BUILD64_DIR%\designer\moc_qwt_abstract_slider.obj
%QWT_BUILD64_DIR%\designer\moc_qwt_analog_clock.obj
%QWT_BUILD64_DIR%\designer\moc_qwt_compass.obj
%QWT_BUILD64_DIR%\designer\moc_qwt_counter.obj
%QWT_BUILD64_DIR%\designer\moc_qwt_designer_plotdialog.obj
%QWT_BUILD64_DIR%\designer\moc_qwt_designer_plugin.obj
%QWT_BUILD64_DIR%\designer\moc_qwt_dial.obj
%QWT_BUILD64_DIR%\designer\moc_qwt_dyngrid_layout.obj
%QWT_BUILD64_DIR%\designer\moc_qwt_knob.obj
%QWT_BUILD64_DIR%\designer\moc_qwt_legend.obj
%QWT_BUILD64_DIR%\designer\moc_qwt_legend_label.obj
%QWT_BUILD64_DIR%\designer\moc_qwt_magnifier.obj
%QWT_BUILD64_DIR%\designer\moc_qwt_panner.obj
%QWT_BUILD64_DIR%\designer\moc_qwt_picker.obj
%QWT_BUILD64_DIR%\designer\moc_qwt_plot.obj
%QWT_BUILD64_DIR%\designer\moc_qwt_plot_canvas.obj
%QWT_BUILD64_DIR%\designer\moc_qwt_plot_glcanvas.obj
%QWT_BUILD64_DIR%\designer\moc_qwt_plot_magnifier.obj
%QWT_BUILD64_DIR%\designer\moc_qwt_plot_panner.obj
%QWT_BUILD64_DIR%\designer\moc_qwt_plot_picker.obj
%QWT_BUILD64_DIR%\designer\moc_qwt_plot_renderer.obj
%QWT_BUILD64_DIR%\designer\moc_qwt_plot_zoomer.obj
%QWT_BUILD64_DIR%\designer\moc_qwt_sampling_thread.obj
%QWT_BUILD64_DIR%\designer\moc_qwt_scale_widget.obj
%QWT_BUILD64_DIR%\designer\moc_qwt_slider.obj
%QWT_BUILD64_DIR%\designer\moc_qwt_text_label.obj
%QWT_BUILD64_DIR%\designer\moc_qwt_thermo.obj
%QWT_BUILD64_DIR%\designer\moc_qwt_wheel.obj
%QWT_BUILD64_DIR%\designer\qrc_qwt_designer_plugin.obj
%QWT_BUILD64_DIR%\designer\qwt_abstract_legend.obj
%QWT_BUILD64_DIR%\designer\qwt_abstract_scale.obj
%QWT_BUILD64_DIR%\designer\qwt_abstract_scale_draw.obj
%QWT_BUILD64_DIR%\designer\qwt_abstract_slider.obj
%QWT_BUILD64_DIR%\designer\qwt_analog_clock.obj
%QWT_BUILD64_DIR%\designer\qwt_arrow_button.obj
%QWT_BUILD64_DIR%\designer\qwt_clipper.obj
%QWT_BUILD64_DIR%\designer\qwt_color_map.obj
%QWT_BUILD64_DIR%\designer\qwt_column_symbol.obj
%QWT_BUILD64_DIR%\designer\qwt_compass.obj
%QWT_BUILD64_DIR%\designer\qwt_compass_rose.obj
%QWT_BUILD64_DIR%\designer\qwt_counter.obj
%QWT_BUILD64_DIR%\designer\qwt_curve_fitter.obj
%QWT_BUILD64_DIR%\designer\qwt_date.obj
%QWT_BUILD64_DIR%\designer\qwt_date_scale_draw.obj
%QWT_BUILD64_DIR%\designer\qwt_date_scale_engine.obj
%QWT_BUILD64_DIR%\designer\qwt_designer_plotdialog.obj
%QWT_BUILD64_DIR%\designer\qwt_designer_plugin.obj
%QWT_BUILD64_DIR%\designer\qwt_dial.obj
%QWT_BUILD64_DIR%\designer\qwt_dial_needle.obj
%QWT_BUILD64_DIR%\designer\qwt_dyngrid_layout.obj
%QWT_BUILD64_DIR%\designer\qwt_event_pattern.obj
%QWT_BUILD64_DIR%\designer\qwt_graphic.obj
%QWT_BUILD64_DIR%\designer\qwt_interval.obj
%QWT_BUILD64_DIR%\designer\qwt_interval_symbol.obj
%QWT_BUILD64_DIR%\designer\qwt_knob.obj
%QWT_BUILD64_DIR%\designer\qwt_legend.obj
%QWT_BUILD64_DIR%\designer\qwt_legend_data.obj
%QWT_BUILD64_DIR%\designer\qwt_legend_label.obj
%QWT_BUILD64_DIR%\designer\qwt_magnifier.obj
%QWT_BUILD64_DIR%\designer\qwt_math.obj
%QWT_BUILD64_DIR%\designer\qwt_matrix_raster_data.obj
%QWT_BUILD64_DIR%\designer\qwt_null_paintdevice.obj
%QWT_BUILD64_DIR%\designer\qwt_painter.obj
%QWT_BUILD64_DIR%\designer\qwt_painter_command.obj
%QWT_BUILD64_DIR%\designer\qwt_panner.obj
%QWT_BUILD64_DIR%\designer\qwt_picker.obj
%QWT_BUILD64_DIR%\designer\qwt_picker_machine.obj
%QWT_BUILD64_DIR%\designer\qwt_pixel_matrix.obj
%QWT_BUILD64_DIR%\designer\qwt_plot.obj
%QWT_BUILD64_DIR%\designer\qwt_plot_abstract_barchart.obj
%QWT_BUILD64_DIR%\designer\qwt_plot_axis.obj
%QWT_BUILD64_DIR%\designer\qwt_plot_barchart.obj
%QWT_BUILD64_DIR%\designer\qwt_plot_canvas.obj
%QWT_BUILD64_DIR%\designer\qwt_plot_curve.obj
%QWT_BUILD64_DIR%\designer\qwt_plot_dict.obj
%QWT_BUILD64_DIR%\designer\qwt_plot_directpainter.obj
%QWT_BUILD64_DIR%\designer\qwt_plot_glcanvas.obj
%QWT_BUILD64_DIR%\designer\qwt_plot_grid.obj
%QWT_BUILD64_DIR%\designer\qwt_plot_histogram.obj
%QWT_BUILD64_DIR%\designer\qwt_plot_intervalcurve.obj
%QWT_BUILD64_DIR%\designer\qwt_plot_item.obj
%QWT_BUILD64_DIR%\designer\qwt_plot_layout.obj
%QWT_BUILD64_DIR%\designer\qwt_plot_legenditem.obj
%QWT_BUILD64_DIR%\designer\qwt_plot_magnifier.obj
%QWT_BUILD64_DIR%\designer\qwt_plot_marker.obj
%QWT_BUILD64_DIR%\designer\qwt_plot_multi_barchart.obj
%QWT_BUILD64_DIR%\designer\qwt_plot_panner.obj
%QWT_BUILD64_DIR%\designer\qwt_plot_picker.obj
%QWT_BUILD64_DIR%\designer\qwt_plot_rasteritem.obj
%QWT_BUILD64_DIR%\designer\qwt_plot_renderer.obj
%QWT_BUILD64_DIR%\designer\qwt_plot_rescaler.obj
%QWT_BUILD64_DIR%\designer\qwt_plot_scaleitem.obj
%QWT_BUILD64_DIR%\designer\qwt_plot_seriesitem.obj
%QWT_BUILD64_DIR%\designer\qwt_plot_shapeitem.obj
%QWT_BUILD64_DIR%\designer\qwt_plot_spectrocurve.obj
%QWT_BUILD64_DIR%\designer\qwt_plot_spectrogram.obj
%QWT_BUILD64_DIR%\designer\qwt_plot_svgitem.obj
%QWT_BUILD64_DIR%\designer\qwt_plot_textlabel.obj
%QWT_BUILD64_DIR%\designer\qwt_plot_tradingcurve.obj
%QWT_BUILD64_DIR%\designer\qwt_plot_xml.obj
%QWT_BUILD64_DIR%\designer\qwt_plot_zoneitem.obj
%QWT_BUILD64_DIR%\designer\qwt_plot_zoomer.obj
%QWT_BUILD64_DIR%\designer\qwt_point_3d.obj
%QWT_BUILD64_DIR%\designer\qwt_point_data.obj
%QWT_BUILD64_DIR%\designer\qwt_point_mapper.obj
%QWT_BUILD64_DIR%\designer\qwt_point_polar.obj
%QWT_BUILD64_DIR%\designer\qwt_raster_data.obj
%QWT_BUILD64_DIR%\designer\qwt_round_scale_draw.obj
%QWT_BUILD64_DIR%\designer\qwt_sampling_thread.obj
%QWT_BUILD64_DIR%\designer\qwt_scale_div.obj
%QWT_BUILD64_DIR%\designer\qwt_scale_draw.obj
%QWT_BUILD64_DIR%\designer\qwt_scale_engine.obj
%QWT_BUILD64_DIR%\designer\qwt_scale_map.obj
%QWT_BUILD64_DIR%\designer\qwt_scale_widget.obj
%QWT_BUILD64_DIR%\designer\qwt_series_data.obj
%QWT_BUILD64_DIR%\designer\qwt_slider.obj
%QWT_BUILD64_DIR%\designer\qwt_spline.obj
%QWT_BUILD64_DIR%\designer\qwt_symbol.obj
%QWT_BUILD64_DIR%\designer\qwt_system_clock.obj
%QWT_BUILD64_DIR%\designer\qwt_text.obj
%QWT_BUILD64_DIR%\designer\qwt_text_engine.obj
%QWT_BUILD64_DIR%\designer\qwt_text_label.obj
%QWT_BUILD64_DIR%\designer\qwt_thermo.obj
%QWT_BUILD64_DIR%\designer\qwt_transform.obj
%QWT_BUILD64_DIR%\designer\qwt_wheel.obj
%QWT_BUILD64_DIR%\designer\qwt_widget_overlay.obj
%QWT_BUILD64_DIR%\designer\moc\moc_qwt_abstract_legend.cpp
%QWT_BUILD64_DIR%\designer\moc\moc_qwt_abstract_scale.cpp
%QWT_BUILD64_DIR%\designer\moc\moc_qwt_abstract_slider.cpp
%QWT_BUILD64_DIR%\designer\moc\moc_qwt_analog_clock.cpp
%QWT_BUILD64_DIR%\designer\moc\moc_qwt_compass.cpp
%QWT_BUILD64_DIR%\designer\moc\moc_qwt_counter.cpp
%QWT_BUILD64_DIR%\designer\moc\moc_qwt_designer_plotdialog.cpp
%QWT_BUILD64_DIR%\designer\moc\moc_qwt_designer_plugin.cpp
%QWT_BUILD64_DIR%\designer\moc\moc_qwt_dial.cpp
%QWT_BUILD64_DIR%\designer\moc\moc_qwt_dyngrid_layout.cpp
%QWT_BUILD64_DIR%\designer\moc\moc_qwt_knob.cpp
%QWT_BUILD64_DIR%\designer\moc\moc_qwt_legend.cpp
%QWT_BUILD64_DIR%\designer\moc\moc_qwt_legend_label.cpp
%QWT_BUILD64_DIR%\designer\moc\moc_qwt_magnifier.cpp
%QWT_BUILD64_DIR%\designer\moc\moc_qwt_panner.cpp
%QWT_BUILD64_DIR%\designer\moc\moc_qwt_picker.cpp
%QWT_BUILD64_DIR%\designer\moc\moc_qwt_plot.cpp
%QWT_BUILD64_DIR%\designer\moc\moc_qwt_plot_canvas.cpp
%QWT_BUILD64_DIR%\designer\moc\moc_qwt_plot_glcanvas.cpp
%QWT_BUILD64_DIR%\designer\moc\moc_qwt_plot_magnifier.cpp
%QWT_BUILD64_DIR%\designer\moc\moc_qwt_plot_panner.cpp
%QWT_BUILD64_DIR%\designer\moc\moc_qwt_plot_picker.cpp
%QWT_BUILD64_DIR%\designer\moc\moc_qwt_plot_renderer.cpp
%QWT_BUILD64_DIR%\designer\moc\moc_qwt_plot_zoomer.cpp
%QWT_BUILD64_DIR%\designer\moc\moc_qwt_sampling_thread.cpp
%QWT_BUILD64_DIR%\designer\moc\moc_qwt_scale_widget.cpp
%QWT_BUILD64_DIR%\designer\moc\moc_qwt_slider.cpp
%QWT_BUILD64_DIR%\designer\moc\moc_qwt_text_label.cpp
%QWT_BUILD64_DIR%\designer\moc\moc_qwt_thermo.cpp
%QWT_BUILD64_DIR%\designer\moc\moc_qwt_wheel.cpp
%QWT_BUILD64_DIR%\designer\plugins\designer\qwt_designer_plugin.dll
%QWT_BUILD64_DIR%\designer\plugins\designer\qwt_designer_plugin.exp
%QWT_BUILD64_DIR%\designer\plugins\designer\qwt_designer_plugin.lib
%QWT_BUILD64_DIR%\designer\resources\qrc_qwt_designer_plugin.cpp
%QWT_BUILD64_DIR%\doc\Makefile
%QWT_BUILD64_DIR%\lib\qwt.dll
%QWT_BUILD64_DIR%\lib\qwt.exp
%QWT_BUILD64_DIR%\lib\qwt.lib
%QWT_BUILD64_DIR%\lib\qwt.pdb
%QWT_BUILD64_DIR%\lib\qwtd.dll
%QWT_BUILD64_DIR%\lib\qwtd.exp
%QWT_BUILD64_DIR%\lib\qwtd.ilk
%QWT_BUILD64_DIR%\lib\qwtd.lib
%QWT_BUILD64_DIR%\lib\qwtd.pdb
%QWT_BUILD64_DIR%\src\Makefile
%QWT_BUILD64_DIR%\src\Makefile.Debug
%QWT_BUILD64_DIR%\src\Makefile.Release
%QWT_BUILD64_DIR%\src\vc140.pdb
%QWT_BUILD64_DIR%\src\debug\moc_qwt_abstract_legend.obj
%QWT_BUILD64_DIR%\src\debug\moc_qwt_abstract_scale.obj
%QWT_BUILD64_DIR%\src\debug\moc_qwt_abstract_slider.obj
%QWT_BUILD64_DIR%\src\debug\moc_qwt_analog_clock.obj
%QWT_BUILD64_DIR%\src\debug\moc_qwt_compass.obj
%QWT_BUILD64_DIR%\src\debug\moc_qwt_counter.obj
%QWT_BUILD64_DIR%\src\debug\moc_qwt_dial.obj
%QWT_BUILD64_DIR%\src\debug\moc_qwt_dyngrid_layout.obj
%QWT_BUILD64_DIR%\src\debug\moc_qwt_knob.obj
%QWT_BUILD64_DIR%\src\debug\moc_qwt_legend.obj
%QWT_BUILD64_DIR%\src\debug\moc_qwt_legend_label.obj
%QWT_BUILD64_DIR%\src\debug\moc_qwt_magnifier.obj
%QWT_BUILD64_DIR%\src\debug\moc_qwt_panner.obj
%QWT_BUILD64_DIR%\src\debug\moc_qwt_picker.obj
%QWT_BUILD64_DIR%\src\debug\moc_qwt_plot.obj
%QWT_BUILD64_DIR%\src\debug\moc_qwt_plot_canvas.obj
%QWT_BUILD64_DIR%\src\debug\moc_qwt_plot_glcanvas.obj
%QWT_BUILD64_DIR%\src\debug\moc_qwt_plot_magnifier.obj
%QWT_BUILD64_DIR%\src\debug\moc_qwt_plot_panner.obj
%QWT_BUILD64_DIR%\src\debug\moc_qwt_plot_picker.obj
%QWT_BUILD64_DIR%\src\debug\moc_qwt_plot_renderer.obj
%QWT_BUILD64_DIR%\src\debug\moc_qwt_plot_zoomer.obj
%QWT_BUILD64_DIR%\src\debug\moc_qwt_sampling_thread.obj
%QWT_BUILD64_DIR%\src\debug\moc_qwt_scale_widget.obj
%QWT_BUILD64_DIR%\src\debug\moc_qwt_slider.obj
%QWT_BUILD64_DIR%\src\debug\moc_qwt_text_label.obj
%QWT_BUILD64_DIR%\src\debug\moc_qwt_thermo.obj
%QWT_BUILD64_DIR%\src\debug\moc_qwt_wheel.obj
%QWT_BUILD64_DIR%\src\debug\qwt_abstract_legend.obj
%QWT_BUILD64_DIR%\src\debug\qwt_abstract_scale.obj
%QWT_BUILD64_DIR%\src\debug\qwt_abstract_scale_draw.obj
%QWT_BUILD64_DIR%\src\debug\qwt_abstract_slider.obj
%QWT_BUILD64_DIR%\src\debug\qwt_analog_clock.obj
%QWT_BUILD64_DIR%\src\debug\qwt_arrow_button.obj
%QWT_BUILD64_DIR%\src\debug\qwt_clipper.obj
%QWT_BUILD64_DIR%\src\debug\qwt_color_map.obj
%QWT_BUILD64_DIR%\src\debug\qwt_column_symbol.obj
%QWT_BUILD64_DIR%\src\debug\qwt_compass.obj
%QWT_BUILD64_DIR%\src\debug\qwt_compass_rose.obj
%QWT_BUILD64_DIR%\src\debug\qwt_counter.obj
%QWT_BUILD64_DIR%\src\debug\qwt_curve_fitter.obj
%QWT_BUILD64_DIR%\src\debug\qwt_date.obj
%QWT_BUILD64_DIR%\src\debug\qwt_date_scale_draw.obj
%QWT_BUILD64_DIR%\src\debug\qwt_date_scale_engine.obj
%QWT_BUILD64_DIR%\src\debug\qwt_dial.obj
%QWT_BUILD64_DIR%\src\debug\qwt_dial_needle.obj
%QWT_BUILD64_DIR%\src\debug\qwt_dyngrid_layout.obj
%QWT_BUILD64_DIR%\src\debug\qwt_event_pattern.obj
%QWT_BUILD64_DIR%\src\debug\qwt_graphic.obj
%QWT_BUILD64_DIR%\src\debug\qwt_interval.obj
%QWT_BUILD64_DIR%\src\debug\qwt_interval_symbol.obj
%QWT_BUILD64_DIR%\src\debug\qwt_knob.obj
%QWT_BUILD64_DIR%\src\debug\qwt_legend.obj
%QWT_BUILD64_DIR%\src\debug\qwt_legend_data.obj
%QWT_BUILD64_DIR%\src\debug\qwt_legend_label.obj
%QWT_BUILD64_DIR%\src\debug\qwt_magnifier.obj
%QWT_BUILD64_DIR%\src\debug\qwt_math.obj
%QWT_BUILD64_DIR%\src\debug\qwt_matrix_raster_data.obj
%QWT_BUILD64_DIR%\src\debug\qwt_null_paintdevice.obj
%QWT_BUILD64_DIR%\src\debug\qwt_painter.obj
%QWT_BUILD64_DIR%\src\debug\qwt_painter_command.obj
%QWT_BUILD64_DIR%\src\debug\qwt_panner.obj
%QWT_BUILD64_DIR%\src\debug\qwt_picker.obj
%QWT_BUILD64_DIR%\src\debug\qwt_picker_machine.obj
%QWT_BUILD64_DIR%\src\debug\qwt_pixel_matrix.obj
%QWT_BUILD64_DIR%\src\debug\qwt_plot.obj
%QWT_BUILD64_DIR%\src\debug\qwt_plot_abstract_barchart.obj
%QWT_BUILD64_DIR%\src\debug\qwt_plot_axis.obj
%QWT_BUILD64_DIR%\src\debug\qwt_plot_barchart.obj
%QWT_BUILD64_DIR%\src\debug\qwt_plot_canvas.obj
%QWT_BUILD64_DIR%\src\debug\qwt_plot_curve.obj
%QWT_BUILD64_DIR%\src\debug\qwt_plot_dict.obj
%QWT_BUILD64_DIR%\src\debug\qwt_plot_directpainter.obj
%QWT_BUILD64_DIR%\src\debug\qwt_plot_glcanvas.obj
%QWT_BUILD64_DIR%\src\debug\qwt_plot_grid.obj
%QWT_BUILD64_DIR%\src\debug\qwt_plot_histogram.obj
%QWT_BUILD64_DIR%\src\debug\qwt_plot_intervalcurve.obj
%QWT_BUILD64_DIR%\src\debug\qwt_plot_item.obj
%QWT_BUILD64_DIR%\src\debug\qwt_plot_layout.obj
%QWT_BUILD64_DIR%\src\debug\qwt_plot_legenditem.obj
%QWT_BUILD64_DIR%\src\debug\qwt_plot_magnifier.obj
%QWT_BUILD64_DIR%\src\debug\qwt_plot_marker.obj
%QWT_BUILD64_DIR%\src\debug\qwt_plot_multi_barchart.obj
%QWT_BUILD64_DIR%\src\debug\qwt_plot_panner.obj
%QWT_BUILD64_DIR%\src\debug\qwt_plot_picker.obj
%QWT_BUILD64_DIR%\src\debug\qwt_plot_rasteritem.obj
%QWT_BUILD64_DIR%\src\debug\qwt_plot_renderer.obj
%QWT_BUILD64_DIR%\src\debug\qwt_plot_rescaler.obj
%QWT_BUILD64_DIR%\src\debug\qwt_plot_scaleitem.obj
%QWT_BUILD64_DIR%\src\debug\qwt_plot_seriesitem.obj
%QWT_BUILD64_DIR%\src\debug\qwt_plot_shapeitem.obj
%QWT_BUILD64_DIR%\src\debug\qwt_plot_spectrocurve.obj
%QWT_BUILD64_DIR%\src\debug\qwt_plot_spectrogram.obj
%QWT_BUILD64_DIR%\src\debug\qwt_plot_svgitem.obj
%QWT_BUILD64_DIR%\src\debug\qwt_plot_textlabel.obj
%QWT_BUILD64_DIR%\src\debug\qwt_plot_tradingcurve.obj
%QWT_BUILD64_DIR%\src\debug\qwt_plot_xml.obj
%QWT_BUILD64_DIR%\src\debug\qwt_plot_zoneitem.obj
%QWT_BUILD64_DIR%\src\debug\qwt_plot_zoomer.obj
%QWT_BUILD64_DIR%\src\debug\qwt_point_3d.obj
%QWT_BUILD64_DIR%\src\debug\qwt_point_data.obj
%QWT_BUILD64_DIR%\src\debug\qwt_point_mapper.obj
%QWT_BUILD64_DIR%\src\debug\qwt_point_polar.obj
%QWT_BUILD64_DIR%\src\debug\qwt_raster_data.obj
%QWT_BUILD64_DIR%\src\debug\qwt_round_scale_draw.obj
%QWT_BUILD64_DIR%\src\debug\qwt_sampling_thread.obj
%QWT_BUILD64_DIR%\src\debug\qwt_scale_div.obj
%QWT_BUILD64_DIR%\src\debug\qwt_scale_draw.obj
%QWT_BUILD64_DIR%\src\debug\qwt_scale_engine.obj
%QWT_BUILD64_DIR%\src\debug\qwt_scale_map.obj
%QWT_BUILD64_DIR%\src\debug\qwt_scale_widget.obj
%QWT_BUILD64_DIR%\src\debug\qwt_series_data.obj
%QWT_BUILD64_DIR%\src\debug\qwt_slider.obj
%QWT_BUILD64_DIR%\src\debug\qwt_spline.obj
%QWT_BUILD64_DIR%\src\debug\qwt_symbol.obj
%QWT_BUILD64_DIR%\src\debug\qwt_system_clock.obj
%QWT_BUILD64_DIR%\src\debug\qwt_text.obj
%QWT_BUILD64_DIR%\src\debug\qwt_text_engine.obj
%QWT_BUILD64_DIR%\src\debug\qwt_text_label.obj
%QWT_BUILD64_DIR%\src\debug\qwt_thermo.obj
%QWT_BUILD64_DIR%\src\debug\qwt_transform.obj
%QWT_BUILD64_DIR%\src\debug\qwt_wheel.obj
%QWT_BUILD64_DIR%\src\debug\qwt_widget_overlay.obj
%QWT_BUILD64_DIR%\src\moc\moc_qwt_abstract_legend.cpp
%QWT_BUILD64_DIR%\src\moc\moc_qwt_abstract_scale.cpp
%QWT_BUILD64_DIR%\src\moc\moc_qwt_abstract_slider.cpp
%QWT_BUILD64_DIR%\src\moc\moc_qwt_analog_clock.cpp
%QWT_BUILD64_DIR%\src\moc\moc_qwt_compass.cpp
%QWT_BUILD64_DIR%\src\moc\moc_qwt_counter.cpp
%QWT_BUILD64_DIR%\src\moc\moc_qwt_dial.cpp
%QWT_BUILD64_DIR%\src\moc\moc_qwt_dyngrid_layout.cpp
%QWT_BUILD64_DIR%\src\moc\moc_qwt_knob.cpp
%QWT_BUILD64_DIR%\src\moc\moc_qwt_legend.cpp
%QWT_BUILD64_DIR%\src\moc\moc_qwt_legend_label.cpp
%QWT_BUILD64_DIR%\src\moc\moc_qwt_magnifier.cpp
%QWT_BUILD64_DIR%\src\moc\moc_qwt_panner.cpp
%QWT_BUILD64_DIR%\src\moc\moc_qwt_picker.cpp
%QWT_BUILD64_DIR%\src\moc\moc_qwt_plot.cpp
%QWT_BUILD64_DIR%\src\moc\moc_qwt_plot_canvas.cpp
%QWT_BUILD64_DIR%\src\moc\moc_qwt_plot_glcanvas.cpp
%QWT_BUILD64_DIR%\src\moc\moc_qwt_plot_magnifier.cpp
%QWT_BUILD64_DIR%\src\moc\moc_qwt_plot_panner.cpp
%QWT_BUILD64_DIR%\src\moc\moc_qwt_plot_picker.cpp
%QWT_BUILD64_DIR%\src\moc\moc_qwt_plot_renderer.cpp
%QWT_BUILD64_DIR%\src\moc\moc_qwt_plot_zoomer.cpp
%QWT_BUILD64_DIR%\src\moc\moc_qwt_sampling_thread.cpp
%QWT_BUILD64_DIR%\src\moc\moc_qwt_scale_widget.cpp
%QWT_BUILD64_DIR%\src\moc\moc_qwt_slider.cpp
%QWT_BUILD64_DIR%\src\moc\moc_qwt_text_label.cpp
%QWT_BUILD64_DIR%\src\moc\moc_qwt_thermo.cpp
%QWT_BUILD64_DIR%\src\moc\moc_qwt_wheel.cpp
%QWT_BUILD64_DIR%\src\release\moc_qwt_abstract_legend.obj
%QWT_BUILD64_DIR%\src\release\moc_qwt_abstract_scale.obj
%QWT_BUILD64_DIR%\src\release\moc_qwt_abstract_slider.obj
%QWT_BUILD64_DIR%\src\release\moc_qwt_analog_clock.obj
%QWT_BUILD64_DIR%\src\release\moc_qwt_compass.obj
%QWT_BUILD64_DIR%\src\release\moc_qwt_counter.obj
%QWT_BUILD64_DIR%\src\release\moc_qwt_dial.obj
%QWT_BUILD64_DIR%\src\release\moc_qwt_dyngrid_layout.obj
%QWT_BUILD64_DIR%\src\release\moc_qwt_knob.obj
%QWT_BUILD64_DIR%\src\release\moc_qwt_legend.obj
%QWT_BUILD64_DIR%\src\release\moc_qwt_legend_label.obj
%QWT_BUILD64_DIR%\src\release\moc_qwt_magnifier.obj
%QWT_BUILD64_DIR%\src\release\moc_qwt_panner.obj
%QWT_BUILD64_DIR%\src\release\moc_qwt_picker.obj
%QWT_BUILD64_DIR%\src\release\moc_qwt_plot.obj
%QWT_BUILD64_DIR%\src\release\moc_qwt_plot_canvas.obj
%QWT_BUILD64_DIR%\src\release\moc_qwt_plot_glcanvas.obj
%QWT_BUILD64_DIR%\src\release\moc_qwt_plot_magnifier.obj
%QWT_BUILD64_DIR%\src\release\moc_qwt_plot_panner.obj
%QWT_BUILD64_DIR%\src\release\moc_qwt_plot_picker.obj
%QWT_BUILD64_DIR%\src\release\moc_qwt_plot_renderer.obj
%QWT_BUILD64_DIR%\src\release\moc_qwt_plot_zoomer.obj
%QWT_BUILD64_DIR%\src\release\moc_qwt_sampling_thread.obj
%QWT_BUILD64_DIR%\src\release\moc_qwt_scale_widget.obj
%QWT_BUILD64_DIR%\src\release\moc_qwt_slider.obj
%QWT_BUILD64_DIR%\src\release\moc_qwt_text_label.obj
%QWT_BUILD64_DIR%\src\release\moc_qwt_thermo.obj
%QWT_BUILD64_DIR%\src\release\moc_qwt_wheel.obj
%QWT_BUILD64_DIR%\src\release\qwt_abstract_legend.obj
%QWT_BUILD64_DIR%\src\release\qwt_abstract_scale.obj
%QWT_BUILD64_DIR%\src\release\qwt_abstract_scale_draw.obj
%QWT_BUILD64_DIR%\src\release\qwt_abstract_slider.obj
%QWT_BUILD64_DIR%\src\release\qwt_analog_clock.obj
%QWT_BUILD64_DIR%\src\release\qwt_arrow_button.obj
%QWT_BUILD64_DIR%\src\release\qwt_clipper.obj
%QWT_BUILD64_DIR%\src\release\qwt_color_map.obj
%QWT_BUILD64_DIR%\src\release\qwt_column_symbol.obj
%QWT_BUILD64_DIR%\src\release\qwt_compass.obj
%QWT_BUILD64_DIR%\src\release\qwt_compass_rose.obj
%QWT_BUILD64_DIR%\src\release\qwt_counter.obj
%QWT_BUILD64_DIR%\src\release\qwt_curve_fitter.obj
%QWT_BUILD64_DIR%\src\release\qwt_date.obj
%QWT_BUILD64_DIR%\src\release\qwt_date_scale_draw.obj
%QWT_BUILD64_DIR%\src\release\qwt_date_scale_engine.obj
%QWT_BUILD64_DIR%\src\release\qwt_dial.obj
%QWT_BUILD64_DIR%\src\release\qwt_dial_needle.obj
%QWT_BUILD64_DIR%\src\release\qwt_dyngrid_layout.obj
%QWT_BUILD64_DIR%\src\release\qwt_event_pattern.obj
%QWT_BUILD64_DIR%\src\release\qwt_graphic.obj
%QWT_BUILD64_DIR%\src\release\qwt_interval.obj
%QWT_BUILD64_DIR%\src\release\qwt_interval_symbol.obj
%QWT_BUILD64_DIR%\src\release\qwt_knob.obj
%QWT_BUILD64_DIR%\src\release\qwt_legend.obj
%QWT_BUILD64_DIR%\src\release\qwt_legend_data.obj
%QWT_BUILD64_DIR%\src\release\qwt_legend_label.obj
%QWT_BUILD64_DIR%\src\release\qwt_magnifier.obj
%QWT_BUILD64_DIR%\src\release\qwt_math.obj
%QWT_BUILD64_DIR%\src\release\qwt_matrix_raster_data.obj
%QWT_BUILD64_DIR%\src\release\qwt_null_paintdevice.obj
%QWT_BUILD64_DIR%\src\release\qwt_painter.obj
%QWT_BUILD64_DIR%\src\release\qwt_painter_command.obj
%QWT_BUILD64_DIR%\src\release\qwt_panner.obj
%QWT_BUILD64_DIR%\src\release\qwt_picker.obj
%QWT_BUILD64_DIR%\src\release\qwt_picker_machine.obj
%QWT_BUILD64_DIR%\src\release\qwt_pixel_matrix.obj
%QWT_BUILD64_DIR%\src\release\qwt_plot.obj
%QWT_BUILD64_DIR%\src\release\qwt_plot_abstract_barchart.obj
%QWT_BUILD64_DIR%\src\release\qwt_plot_axis.obj
%QWT_BUILD64_DIR%\src\release\qwt_plot_barchart.obj
%QWT_BUILD64_DIR%\src\release\qwt_plot_canvas.obj
%QWT_BUILD64_DIR%\src\release\qwt_plot_curve.obj
%QWT_BUILD64_DIR%\src\release\qwt_plot_dict.obj
%QWT_BUILD64_DIR%\src\release\qwt_plot_directpainter.obj
%QWT_BUILD64_DIR%\src\release\qwt_plot_glcanvas.obj
%QWT_BUILD64_DIR%\src\release\qwt_plot_grid.obj
%QWT_BUILD64_DIR%\src\release\qwt_plot_histogram.obj
%QWT_BUILD64_DIR%\src\release\qwt_plot_intervalcurve.obj
%QWT_BUILD64_DIR%\src\release\qwt_plot_item.obj
%QWT_BUILD64_DIR%\src\release\qwt_plot_layout.obj
%QWT_BUILD64_DIR%\src\release\qwt_plot_legenditem.obj
%QWT_BUILD64_DIR%\src\release\qwt_plot_magnifier.obj
%QWT_BUILD64_DIR%\src\release\qwt_plot_marker.obj
%QWT_BUILD64_DIR%\src\release\qwt_plot_multi_barchart.obj
%QWT_BUILD64_DIR%\src\release\qwt_plot_panner.obj
%QWT_BUILD64_DIR%\src\release\qwt_plot_picker.obj
%QWT_BUILD64_DIR%\src\release\qwt_plot_rasteritem.obj
%QWT_BUILD64_DIR%\src\release\qwt_plot_renderer.obj
%QWT_BUILD64_DIR%\src\release\qwt_plot_rescaler.obj
%QWT_BUILD64_DIR%\src\release\qwt_plot_scaleitem.obj
%QWT_BUILD64_DIR%\src\release\qwt_plot_seriesitem.obj
%QWT_BUILD64_DIR%\src\release\qwt_plot_shapeitem.obj
%QWT_BUILD64_DIR%\src\release\qwt_plot_spectrocurve.obj
%QWT_BUILD64_DIR%\src\release\qwt_plot_spectrogram.obj
%QWT_BUILD64_DIR%\src\release\qwt_plot_svgitem.obj
%QWT_BUILD64_DIR%\src\release\qwt_plot_textlabel.obj
%QWT_BUILD64_DIR%\src\release\qwt_plot_tradingcurve.obj
%QWT_BUILD64_DIR%\src\release\qwt_plot_xml.obj
%QWT_BUILD64_DIR%\src\release\qwt_plot_zoneitem.obj
%QWT_BUILD64_DIR%\src\release\qwt_plot_zoomer.obj
%QWT_BUILD64_DIR%\src\release\qwt_point_3d.obj
%QWT_BUILD64_DIR%\src\release\qwt_point_data.obj
%QWT_BUILD64_DIR%\src\release\qwt_point_mapper.obj
%QWT_BUILD64_DIR%\src\release\qwt_point_polar.obj
%QWT_BUILD64_DIR%\src\release\qwt_raster_data.obj
%QWT_BUILD64_DIR%\src\release\qwt_round_scale_draw.obj
%QWT_BUILD64_DIR%\src\release\qwt_sampling_thread.obj
%QWT_BUILD64_DIR%\src\release\qwt_scale_div.obj
%QWT_BUILD64_DIR%\src\release\qwt_scale_draw.obj
%QWT_BUILD64_DIR%\src\release\qwt_scale_engine.obj
%QWT_BUILD64_DIR%\src\release\qwt_scale_map.obj
%QWT_BUILD64_DIR%\src\release\qwt_scale_widget.obj
%QWT_BUILD64_DIR%\src\release\qwt_series_data.obj
%QWT_BUILD64_DIR%\src\release\qwt_slider.obj
%QWT_BUILD64_DIR%\src\release\qwt_spline.obj
%QWT_BUILD64_DIR%\src\release\qwt_symbol.obj
%QWT_BUILD64_DIR%\src\release\qwt_system_clock.obj
%QWT_BUILD64_DIR%\src\release\qwt_text.obj
%QWT_BUILD64_DIR%\src\release\qwt_text_engine.obj
%QWT_BUILD64_DIR%\src\release\qwt_text_label.obj
%QWT_BUILD64_DIR%\src\release\qwt_thermo.obj
%QWT_BUILD64_DIR%\src\release\qwt_transform.obj
%QWT_BUILD64_DIR%\src\release\qwt_wheel.obj
%QWT_BUILD64_DIR%\src\release\qwt_widget_overlay.obj
%QWT_BUILD64_DIR%\textengines\Makefile
